  Enemy1.cpp
C:\Users\Raul\Desktop\VJ\OpenGL_VS2015\2DGame\VJ-R-Type\02-Bubble\Scene.h(32,9): error C2143: error de sintaxis: falta ';' delante de '*'
C:\Users\Raul\Desktop\VJ\OpenGL_VS2015\2DGame\VJ-R-Type\02-Bubble\Scene.h(32,9): error C4430: falta el especificador de tipo; se presupone int. Nota: C++ no admite default-int
C:\Users\Raul\Desktop\VJ\OpenGL_VS2015\2DGame\VJ-R-Type\02-Bubble\Scene.h(32,16): error C2238: símbolos (token) inesperados delante de ';'
  Enemy2.cpp
  Enemy3.cpp
  Enemy4.cpp
  Game.cpp
  main.cpp
  Player.cpp
  Scene.cpp
C:\Users\Raul\Desktop\VJ\OpenGL_VS2015\2DGame\VJ-R-Type\02-Bubble\Scene.cpp(38,2): error C2065: 'enemy1': identificador no declarado
C:\Users\Raul\Desktop\VJ\OpenGL_VS2015\2DGame\VJ-R-Type\02-Bubble\Scene.cpp(38,15): error C2061: error de sintaxis: identificador 'Enemy1'
C:\Users\Raul\Desktop\VJ\OpenGL_VS2015\2DGame\VJ-R-Type\02-Bubble\Scene.cpp(39,2): error C2065: 'enemy1': identificador no declarado
C:\Users\Raul\Desktop\VJ\OpenGL_VS2015\2DGame\VJ-R-Type\02-Bubble\Scene.cpp(40,2): error C2065: 'enemy1': identificador no declarado
C:\Users\Raul\Desktop\VJ\OpenGL_VS2015\2DGame\VJ-R-Type\02-Bubble\Scene.cpp(41,2): error C2065: 'enemy1': identificador no declarado
C:\Users\Raul\Desktop\VJ\OpenGL_VS2015\2DGame\VJ-R-Type\02-Bubble\Scene.cpp(50,2): error C2065: 'enemy1': identificador no declarado
C:\Users\Raul\Desktop\VJ\OpenGL_VS2015\2DGame\VJ-R-Type\02-Bubble\Scene.cpp(66,2): error C2065: 'enemy1': identificador no declarado
  Shader.cpp
  ShaderProgram.cpp
  Sprite.cpp
  Texture.cpp
  TileMap.cpp
